<?xml version="1.0" encoding="UTF-8" ?>
<testsuite failures="0" time="0.017" errors="0" skipped="0" tests="5" name="com.leolore.kata.vend.test.KataMoneyInterpreterUSDTest">
  <properties>
    <property name="java.runtime.name" value="Java(TM) SE Runtime Environment"/>
    <property name="sun.boot.library.path" value="C:\Installs\MyEclipse7\Common\binary\com.sun.java.jdk.win32.x86_64_1.6.0.013\jre\bin"/>
    <property name="java.vm.version" value="11.3-b02"/>
    <property name="java.vm.vendor" value="Sun Microsystems Inc."/>
    <property name="java.vendor.url" value="http://java.sun.com/"/>
    <property name="path.separator" value=";"/>
    <property name="java.vm.name" value="Java HotSpot(TM) 64-Bit Server VM"/>
    <property name="file.encoding.pkg" value="sun.io"/>
    <property name="user.country" value="US"/>
    <property name="sun.java.launcher" value="SUN_STANDARD"/>
    <property name="sun.os.patch.level" value="Service Pack 2"/>
    <property name="java.vm.specification.name" value="Java Virtual Machine Specification"/>
    <property name="user.dir" value="H:\SchmidtHouse\GitHubRepos\vending-machine-kata\VendingMachineKata"/>
    <property name="java.runtime.version" value="1.6.0_13-b03"/>
    <property name="java.awt.graphicsenv" value="sun.awt.Win32GraphicsEnvironment"/>
    <property name="basedir" value="H:\SchmidtHouse\GitHubRepos\vending-machine-kata\VendingMachineKata"/>
    <property name="java.endorsed.dirs" value="C:\Installs\MyEclipse7\Common\binary\com.sun.java.jdk.win32.x86_64_1.6.0.013\jre\lib\endorsed"/>
    <property name="os.arch" value="amd64"/>
    <property name="surefire.real.class.path" value="H:\SchmidtHouse\GitHubRepos\vending-machine-kata\VendingMachineKata\target\surefire\surefirebooter4271374276399819916.jar"/>
    <property name="java.io.tmpdir" value="C:\Users\Leolore\AppData\Local\Temp\"/>
    <property name="line.separator" value="
"/>
    <property name="java.vm.specification.vendor" value="Sun Microsystems Inc."/>
    <property name="user.variant" value=""/>
    <property name="os.name" value="Windows Vista"/>
    <property name="sun.jnu.encoding" value="Cp1252"/>
    <property name="java.library.path" value="C:\Installs\MyEclipse7\Common\binary\com.sun.java.jdk.win32.x86_64_1.6.0.013\jre\bin;.;C:\Windows\Sun\Java\bin;C:\Windows\system32;C:\Windows;C:\Program Files (x86)\ATI Stream\bin\x86_64;C:\Program Files (x86)\ATI Stream\bin\x86;C:\Program Files\Java\jdk1.7.0_09\bin;C:\Program Files (x86)\CVSNT\;C:\Program Files (x86)\SSH Communications Security\SSH Secure Shell;C:\Windows\system32;C:\Windows;C:\Windows\System32\Wbem;C:\Program Files (x86)\ATI Technologies\ATI.ACE\Core-Static;C:\Program Files (x86)\Common Files\Roxio Shared\9.0\DLLShared\;c:\Program Files (x86)\Microsoft SQL Server\90\Tools\binn\;C:\Program Files (x86)\QuickTime\QTSystem\ ;C:\Program Files (x86)\Bitvise Tunnelier;C:\Program Files (x86)\Git\cmd;E:\QualityMountain\Installs\androidsdk\platform-tools;E:\QualityMountain\Installs\androidsdk\tools;C:\Program Files (x86)\Common Files\Intuit\QBPOSSDKRuntime;C:\Program Files (x86)\QuickTime\QTSystem\;C:\Program Files\Java\jdk1.7.0_09\bin;C:\Program Files (x86)\CVSNT\;C:\Program Files (x86)\SSH Communications Security\SSH Secure Shell;E:\QualityMountain\Installs\atlassian-plugin-sdk\bin;E:\QualityMountain\Installs\atlassian-plugin-sdk\bin"/>
    <property name="surefire.test.class.path" value="H:\SchmidtHouse\GitHubRepos\vending-machine-kata\VendingMachineKata\target\test-classes;H:\SchmidtHouse\GitHubRepos\vending-machine-kata\VendingMachineKata\target\classes;C:\Users\Leolore\.m2\repository\junit\junit\4.10\junit-4.10.jar;C:\Users\Leolore\.m2\repository\org\hamcrest\hamcrest-core\1.1\hamcrest-core-1.1.jar;"/>
    <property name="java.specification.name" value="Java Platform API Specification"/>
    <property name="java.class.version" value="50.0"/>
    <property name="sun.management.compiler" value="HotSpot 64-Bit Server Compiler"/>
    <property name="os.version" value="6.0"/>
    <property name="user.home" value="C:\Users\Leolore"/>
    <property name="user.timezone" value=""/>
    <property name="java.awt.printerjob" value="sun.awt.windows.WPrinterJob"/>
    <property name="java.specification.version" value="1.6"/>
    <property name="file.encoding" value="Cp1252"/>
    <property name="user.name" value="Leolore"/>
    <property name="java.class.path" value="H:\SchmidtHouse\GitHubRepos\vending-machine-kata\VendingMachineKata\target\test-classes;H:\SchmidtHouse\GitHubRepos\vending-machine-kata\VendingMachineKata\target\classes;C:\Users\Leolore\.m2\repository\junit\junit\4.10\junit-4.10.jar;C:\Users\Leolore\.m2\repository\org\hamcrest\hamcrest-core\1.1\hamcrest-core-1.1.jar;"/>
    <property name="java.vm.specification.version" value="1.0"/>
    <property name="sun.arch.data.model" value="64"/>
    <property name="java.home" value="C:\Installs\MyEclipse7\Common\binary\com.sun.java.jdk.win32.x86_64_1.6.0.013\jre"/>
    <property name="java.specification.vendor" value="Sun Microsystems Inc."/>
    <property name="user.language" value="en"/>
    <property name="awt.toolkit" value="sun.awt.windows.WToolkit"/>
    <property name="java.vm.info" value="mixed mode"/>
    <property name="java.version" value="1.6.0_13"/>
    <property name="java.ext.dirs" value="C:\Installs\MyEclipse7\Common\binary\com.sun.java.jdk.win32.x86_64_1.6.0.013\jre\lib\ext;C:\Windows\Sun\Java\lib\ext"/>
    <property name="sun.boot.class.path" value="C:\Installs\MyEclipse7\Common\binary\com.sun.java.jdk.win32.x86_64_1.6.0.013\jre\lib\resources.jar;C:\Installs\MyEclipse7\Common\binary\com.sun.java.jdk.win32.x86_64_1.6.0.013\jre\lib\rt.jar;C:\Installs\MyEclipse7\Common\binary\com.sun.java.jdk.win32.x86_64_1.6.0.013\jre\lib\sunrsasign.jar;C:\Installs\MyEclipse7\Common\binary\com.sun.java.jdk.win32.x86_64_1.6.0.013\jre\lib\jsse.jar;C:\Installs\MyEclipse7\Common\binary\com.sun.java.jdk.win32.x86_64_1.6.0.013\jre\lib\jce.jar;C:\Installs\MyEclipse7\Common\binary\com.sun.java.jdk.win32.x86_64_1.6.0.013\jre\lib\charsets.jar;C:\Installs\MyEclipse7\Common\binary\com.sun.java.jdk.win32.x86_64_1.6.0.013\jre\classes"/>
    <property name="java.vendor" value="Sun Microsystems Inc."/>
    <property name="localRepository" value="C:\Users\Leolore\.m2\repository"/>
    <property name="file.separator" value="\"/>
    <property name="java.vendor.url.bug" value="http://java.sun.com/cgi-bin/bugreport.cgi"/>
    <property name="sun.cpu.endian" value="little"/>
    <property name="sun.io.unicode.encoding" value="UnicodeLittle"/>
    <property name="sun.desktop" value="windows"/>
    <property name="sun.cpu.isalist" value="amd64"/>
  </properties>
  <testcase time="0" classname="com.leolore.kata.vend.test.KataMoneyInterpreterUSDTest" name="testInitWithNullConfigThrowsException"/>
  <testcase time="0" classname="com.leolore.kata.vend.test.KataMoneyInterpreterUSDTest" name="testInitWithGoodConfigDoesNotThrowException"/>
  <testcase time="0" classname="com.leolore.kata.vend.test.KataMoneyInterpreterUSDTest" name="testGetProtoCoinNamed"/>
  <testcase time="0.001" classname="com.leolore.kata.vend.test.KataMoneyInterpreterUSDTest" name="testGetValueOf"/>
  <testcase time="0.001" classname="com.leolore.kata.vend.test.KataMoneyInterpreterUSDTest" name="testGetLargestCoinValuedLessOrEqual"/>
</testsuite>